<?xml version="1.0" encoding="UTF-8"?>
<Site BuildName="Darwin-c++"
	BuildStamp="20250319-1508-Continuous"
	Name="MacBook-Air-2.local"
	Generator="ctest-3.30.5"
	CompilerName="/Library/Developer/CommandLineTools/usr/bin/c++"
	CompilerVersion="16.0.0.16000026"
	OSName="macOS"
	Hostname="MacBook-Air-2.local"
	OSRelease="15.0.1"
	OSVersion="24A348"
	OSPlatform="arm64"
	Is64Bits="1"
	VendorString="Apple"
	VendorID="Apple"
	FamilyID="0"
	ModelID="0"
	ProcessorCacheSize="131072"
	NumberOfLogicalCPU="8"
	NumberOfPhysicalCPU="8"
	TotalVirtualMemory="4096"
	TotalPhysicalMemory="8192"
	LogicalProcessorsPerPhysical="8"
	ProcessorClockFrequency="0"
	>
	<Build>
		<StartDateTime>Mar 19 22:08 +07</StartDateTime>
		<StartBuildTime>1742396889</StartBuildTime>
		<BuildCommand>/Applications/CLion.app/Contents/bin/cmake/mac/aarch64/bin/cmake --build . --config "Release"</BuildCommand>
		<Warning>
			<BuildLogLine>1</BuildLogLine>
			<Text>make[4]: warning: jobserver unavailable: using -j1.  Add `+' to parent make rule.</Text>
			<PreContext></PreContext>
			<PostContext>[ 33%] [NON-XML-CHAR-0x1B][32mBuilding CXX object CMakeFiles/ImageCpp.dir/main.cpp.o[NON-XML-CHAR-0x1B][0m
[ 66%] [NON-XML-CHAR-0x1B][32mBuilding CXX object CMakeFiles/ImageCpp.dir/Image.cpp.o[NON-XML-CHAR-0x1B][0m
</PostContext>
			<RepeatCount>0</RepeatCount>
		</Warning>
		<Error>
			<BuildLogLine>4</BuildLogLine>
			<Text>[NON-XML-CHAR-0x1B][1m/.../ImageCpp/Image.cpp:177:11: [NON-XML-CHAR-0x1B][0m[NON-XML-CHAR-0x1B][0;1;31merror: [NON-XML-CHAR-0x1B][0m[NON-XML-CHAR-0x1B][1mcall to deleted constructor of 'basic_ostream&lt;char, char_traits&lt;char&gt;&gt;'[NON-XML-CHAR-0x1B][0m</Text>
			<PreContext></PreContext>
			<PostContext>  177 |     throw std::cerr &lt;&lt; "Unsupported angle. Only multiples of 90 are supported.\n";[NON-XML-CHAR-0x1B][0m
      | [NON-XML-CHAR-0x1B][0;1;32m          ^~~~~~~~~~~~~~~~~~~~~~~~~~~~~~~~~~~~~~~~~~~~~~~~~~~~~~~~~~~~~~~~~~~~~~~
</PostContext>
			<RepeatCount>0</RepeatCount>
		</Error>
		<Warning>
			<BuildLogLine>7</BuildLogLine>
			<Text>[NON-XML-CHAR-0x1B][0m[NON-XML-CHAR-0x1B][1m/Library/Developer/CommandLineTools/usr/bin/../include/c++/v1/ostream:179:5: [NON-XML-CHAR-0x1B][0m[NON-XML-CHAR-0x1B][0;1;30mnote: [NON-XML-CHAR-0x1B][0m'basic_ostream' has been explicitly marked deleted here[NON-XML-CHAR-0x1B][0m</Text>
			<PreContext></PreContext>
			<PostContext>  179 |     basic_ostream           (const basic_ostream&amp; __rhs) = delete;[NON-XML-CHAR-0x1B][0m
      | [NON-XML-CHAR-0x1B][0;1;32m    ^
</PostContext>
			<RepeatCount>0</RepeatCount>
		</Warning>
		<Error>
			<BuildLogLine>10</BuildLogLine>
			<Text>[NON-XML-CHAR-0x1B][0m[NON-XML-CHAR-0x1B][1m/.../ImageCpp/Image.cpp:208:1: [NON-XML-CHAR-0x1B][0m[NON-XML-CHAR-0x1B][0;1;31merror: [NON-XML-CHAR-0x1B][0m[NON-XML-CHAR-0x1B][1mexpected '}'[NON-XML-CHAR-0x1B][0m</Text>
			<PreContext></PreContext>
			<PostContext>  208 | [NON-XML-CHAR-0x1B][0m
      | [NON-XML-CHAR-0x1B][0;1;32m^
</PostContext>
			<RepeatCount>0</RepeatCount>
		</Error>
		<Warning>
			<BuildLogLine>13</BuildLogLine>
			<Text>[NON-XML-CHAR-0x1B][0m[NON-XML-CHAR-0x1B][1m/.../ImageCpp/Image.cpp:202:40: [NON-XML-CHAR-0x1B][0m[NON-XML-CHAR-0x1B][0;1;30mnote: [NON-XML-CHAR-0x1B][0mto match this '{'[NON-XML-CHAR-0x1B][0m</Text>
			<PreContext></PreContext>
			<PostContext>  202 | void Image::copyTo(Image&amp; image) const {[NON-XML-CHAR-0x1B][0m
      | [NON-XML-CHAR-0x1B][0;1;32m                                       ^
[NON-XML-CHAR-0x1B][0m2 errors generated.
</PostContext>
			<RepeatCount>0</RepeatCount>
		</Warning>
		<Error>
			<BuildLogLine>17</BuildLogLine>
			<Text>make[6]: *** [CMakeFiles/ImageCpp.dir/Image.cpp.o] Error 1</Text>
			<PreContext></PreContext>
			<PostContext></PostContext>
			<RepeatCount>0</RepeatCount>
		</Error>
		<Error>
			<BuildLogLine>18</BuildLogLine>
			<Text>make[5]: *** [CMakeFiles/ImageCpp.dir/all] Error 2</Text>
			<PreContext></PreContext>
			<PostContext></PostContext>
			<RepeatCount>0</RepeatCount>
		</Error>
		<Error>
			<BuildLogLine>19</BuildLogLine>
			<Text>make[4]: *** [all] Error 2</Text>
			<PreContext></PreContext>
			<PostContext></PostContext>
			<RepeatCount>0</RepeatCount>
		</Error>
		<Warning>
			<BuildLogLine>1</BuildLogLine>
			<Text>*** WARNING non-zero return value in ctest from: /Applications/CLion.app/Contents/bin/cmake/mac/aarch64/bin/cmake</Text>
			<PreContext></PreContext>
			<PostContext></PostContext>
			<RepeatCount>0</RepeatCount>
		</Warning>
		<Log Encoding="base64" Compression="bin/gzip"/>
		<EndDateTime>Mar 19 22:08 +07</EndDateTime>
		<EndBuildTime>1742396890</EndBuildTime>
		<ElapsedMinutes>0</ElapsedMinutes>
	</Build>
</Site>
